{"X:\\web\\dnd\\api\\src\\controllers\\ItemController.ts": {"path":"X:\\web\\dnd\\api\\src\\controllers\\ItemController.ts","statementMap":{"0":{"start":{"line":1,"column":0},"end":{"line":1,"column":43}},"1":{"start":{"line":2,"column":0},"end":{"line":2,"column":46}},"2":{"start":{"line":3,"column":0},"end":{"line":3,"column":113}},"3":{"start":{"line":4,"column":0},"end":{"line":4,"column":33}},"4":{"start":{"line":8,"column":12},"end":{"line":8,"column":40}},"5":{"start":{"line":11,"column":0},"end":{"line":74,"column":null}},"6":{"start":{"line":16,"column":4},"end":{"line":16,"column":null}},"7":{"start":{"line":17,"column":4},"end":{"line":17,"column":null}},"8":{"start":{"line":18,"column":4},"end":{"line":18,"column":null}},"9":{"start":{"line":25,"column":4},"end":{"line":25,"column":null}},"10":{"start":{"line":26,"column":4},"end":{"line":26,"column":null}},"11":{"start":{"line":34,"column":4},"end":{"line":34,"column":null}},"12":{"start":{"line":35,"column":4},"end":{"line":35,"column":null}},"13":{"start":{"line":45,"column":4},"end":{"line":45,"column":null}},"14":{"start":{"line":46,"column":4},"end":{"line":46,"column":null}},"15":{"start":{"line":56,"column":4},"end":{"line":56,"column":null}},"16":{"start":{"line":57,"column":4},"end":{"line":57,"column":null}},"17":{"start":{"line":67,"column":4},"end":{"line":67,"column":null}},"18":{"start":{"line":68,"column":4},"end":{"line":68,"column":null}},"19":{"start":{"line":72,"column":4},"end":{"line":72,"column":null}},"20":{"start":{"line":24,"column":2},"end":{"line":27,"column":null}},"21":{"start":{"line":33,"column":2},"end":{"line":36,"column":null}},"22":{"start":{"line":44,"column":2},"end":{"line":47,"column":null}},"23":{"start":{"line":55,"column":2},"end":{"line":58,"column":null}},"24":{"start":{"line":66,"column":2},"end":{"line":69,"column":null}},"25":{"start":{"line":11,"column":13},"end":{"line":74,"column":null}},"26":{"start":{"line":11,"column":13},"end":{"line":11,"column":27}}},"fnMap":{"0":{"name":"(anonymous_11)","decl":{"start":{"line":15,"column":2},"end":{"line":15,"column":null}},"loc":{"start":{"line":15,"column":2},"end":{"line":19,"column":3}}},"1":{"name":"(anonymous_12)","decl":{"start":{"line":24,"column":15},"end":{"line":24,"column":21}},"loc":{"start":{"line":24,"column":21},"end":{"line":27,"column":null}}},"2":{"name":"(anonymous_14)","decl":{"start":{"line":33,"column":15},"end":{"line":33,"column":18}},"loc":{"start":{"line":33,"column":29},"end":{"line":36,"column":null}}},"3":{"name":"(anonymous_16)","decl":{"start":{"line":44,"column":15},"end":{"line":44,"column":21}},"loc":{"start":{"line":44,"column":57},"end":{"line":47,"column":null}}},"4":{"name":"(anonymous_18)","decl":{"start":{"line":55,"column":15},"end":{"line":55,"column":18}},"loc":{"start":{"line":55,"column":54},"end":{"line":58,"column":null}}},"5":{"name":"(anonymous_20)","decl":{"start":{"line":66,"column":15},"end":{"line":66,"column":21}},"loc":{"start":{"line":66,"column":32},"end":{"line":69,"column":null}}},"6":{"name":"(anonymous_22)","decl":{"start":{"line":71,"column":9},"end":{"line":71,"column":19}},"loc":{"start":{"line":71,"column":40},"end":{"line":73,"column":3}}}},"branchMap":{},"s":{"0":0,"1":0,"2":0,"3":0,"4":0,"5":0,"6":0,"7":0,"8":0,"9":0,"10":0,"11":0,"12":0,"13":0,"14":0,"15":0,"16":0,"17":0,"18":0,"19":0,"20":0,"21":0,"22":0,"23":0,"24":0,"25":0,"26":0},"f":{"0":0,"1":0,"2":0,"3":0,"4":0,"5":0,"6":0},"b":{}}
,"X:\\web\\dnd\\api\\src\\controllers\\StatusController.ts": {"path":"X:\\web\\dnd\\api\\src\\controllers\\StatusController.ts","statementMap":{"0":{"start":{"line":1,"column":0},"end":{"line":1,"column":61}},"1":{"start":{"line":4,"column":0},"end":{"line":11,"column":null}},"2":{"start":{"line":9,"column":4},"end":{"line":9,"column":null}},"3":{"start":{"line":8,"column":2},"end":{"line":10,"column":null}},"4":{"start":{"line":4,"column":13},"end":{"line":11,"column":null}},"5":{"start":{"line":4,"column":13},"end":{"line":4,"column":29}}},"fnMap":{"0":{"name":"(anonymous_9)","decl":{"start":{"line":8,"column":15},"end":{"line":8,"column":21}},"loc":{"start":{"line":8,"column":21},"end":{"line":10,"column":null}}}},"branchMap":{},"s":{"0":1,"1":1,"2":1,"3":1,"4":1,"5":1},"f":{"0":1},"b":{}}
,"X:\\web\\dnd\\api\\src\\controllers\\TagController.ts": {"path":"X:\\web\\dnd\\api\\src\\controllers\\TagController.ts","statementMap":{"0":{"start":{"line":1,"column":0},"end":{"line":1,"column":41}},"1":{"start":{"line":2,"column":0},"end":{"line":2,"column":44}},"2":{"start":{"line":3,"column":0},"end":{"line":3,"column":113}},"3":{"start":{"line":4,"column":0},"end":{"line":4,"column":33}},"4":{"start":{"line":8,"column":12},"end":{"line":8,"column":39}},"5":{"start":{"line":11,"column":0},"end":{"line":74,"column":null}},"6":{"start":{"line":16,"column":4},"end":{"line":16,"column":null}},"7":{"start":{"line":17,"column":4},"end":{"line":17,"column":null}},"8":{"start":{"line":18,"column":4},"end":{"line":18,"column":null}},"9":{"start":{"line":24,"column":4},"end":{"line":24,"column":null}},"10":{"start":{"line":25,"column":4},"end":{"line":25,"column":null}},"11":{"start":{"line":33,"column":4},"end":{"line":33,"column":null}},"12":{"start":{"line":34,"column":4},"end":{"line":34,"column":null}},"13":{"start":{"line":45,"column":4},"end":{"line":45,"column":null}},"14":{"start":{"line":46,"column":4},"end":{"line":46,"column":null}},"15":{"start":{"line":56,"column":4},"end":{"line":56,"column":null}},"16":{"start":{"line":57,"column":4},"end":{"line":57,"column":null}},"17":{"start":{"line":67,"column":4},"end":{"line":67,"column":null}},"18":{"start":{"line":68,"column":4},"end":{"line":68,"column":null}},"19":{"start":{"line":72,"column":4},"end":{"line":72,"column":null}},"20":{"start":{"line":23,"column":2},"end":{"line":26,"column":null}},"21":{"start":{"line":32,"column":2},"end":{"line":35,"column":null}},"22":{"start":{"line":44,"column":2},"end":{"line":47,"column":null}},"23":{"start":{"line":55,"column":2},"end":{"line":58,"column":null}},"24":{"start":{"line":66,"column":2},"end":{"line":69,"column":null}},"25":{"start":{"line":11,"column":13},"end":{"line":74,"column":null}},"26":{"start":{"line":11,"column":13},"end":{"line":11,"column":26}}},"fnMap":{"0":{"name":"(anonymous_11)","decl":{"start":{"line":15,"column":2},"end":{"line":15,"column":null}},"loc":{"start":{"line":15,"column":2},"end":{"line":19,"column":3}}},"1":{"name":"(anonymous_12)","decl":{"start":{"line":23,"column":15},"end":{"line":23,"column":21}},"loc":{"start":{"line":23,"column":21},"end":{"line":26,"column":null}}},"2":{"name":"(anonymous_14)","decl":{"start":{"line":32,"column":15},"end":{"line":32,"column":18}},"loc":{"start":{"line":32,"column":29},"end":{"line":35,"column":null}}},"3":{"name":"(anonymous_16)","decl":{"start":{"line":44,"column":15},"end":{"line":44,"column":21}},"loc":{"start":{"line":44,"column":56},"end":{"line":47,"column":null}}},"4":{"name":"(anonymous_18)","decl":{"start":{"line":55,"column":15},"end":{"line":55,"column":18}},"loc":{"start":{"line":55,"column":53},"end":{"line":58,"column":null}}},"5":{"name":"(anonymous_20)","decl":{"start":{"line":66,"column":15},"end":{"line":66,"column":21}},"loc":{"start":{"line":66,"column":32},"end":{"line":69,"column":null}}},"6":{"name":"(anonymous_22)","decl":{"start":{"line":71,"column":9},"end":{"line":71,"column":19}},"loc":{"start":{"line":71,"column":39},"end":{"line":73,"column":3}}}},"branchMap":{},"s":{"0":0,"1":0,"2":0,"3":0,"4":0,"5":0,"6":0,"7":0,"8":0,"9":0,"10":0,"11":0,"12":0,"13":0,"14":0,"15":0,"16":0,"17":0,"18":0,"19":0,"20":0,"21":0,"22":0,"23":0,"24":0,"25":0,"26":0},"f":{"0":0,"1":0,"2":0,"3":0,"4":0,"5":0,"6":0},"b":{}}
,"X:\\web\\dnd\\api\\src\\controllers\\UserController.ts": {"path":"X:\\web\\dnd\\api\\src\\controllers\\UserController.ts","statementMap":{"0":{"start":{"line":1,"column":0},"end":{"line":1,"column":38}},"1":{"start":{"line":2,"column":0},"end":{"line":2,"column":34}},"2":{"start":{"line":3,"column":0},"end":{"line":3,"column":43}},"3":{"start":{"line":4,"column":0},"end":{"line":4,"column":32}},"4":{"start":{"line":5,"column":0},"end":{"line":5,"column":50}},"5":{"start":{"line":6,"column":0},"end":{"line":6,"column":44}},"6":{"start":{"line":7,"column":0},"end":{"line":7,"column":46}},"7":{"start":{"line":8,"column":0},"end":{"line":8,"column":null}},"8":{"start":{"line":22,"column":0},"end":{"line":22,"column":33}},"9":{"start":{"line":27,"column":12},"end":{"line":27,"column":40}},"10":{"start":{"line":28,"column":25},"end":{"line":28,"column":27}},"11":{"start":{"line":31,"column":0},"end":{"line":190,"column":null}},"12":{"start":{"line":38,"column":4},"end":{"line":38,"column":null}},"13":{"start":{"line":35,"column":10},"end":{"line":35,"column":null}},"14":{"start":{"line":39,"column":4},"end":{"line":39,"column":null}},"15":{"start":{"line":40,"column":4},"end":{"line":40,"column":null}},"16":{"start":{"line":41,"column":4},"end":{"line":41,"column":null}},"17":{"start":{"line":48,"column":29},"end":{"line":48,"column":49}},"18":{"start":{"line":49,"column":29},"end":{"line":49,"column":49}},"19":{"start":{"line":51,"column":24},"end":{"line":51,"column":67}},"20":{"start":{"line":53,"column":4},"end":{"line":55,"column":null}},"21":{"start":{"line":54,"column":6},"end":{"line":54,"column":null}},"22":{"start":{"line":57,"column":22},"end":{"line":57,"column":62}},"23":{"start":{"line":58,"column":25},"end":{"line":58,"column":68}},"24":{"start":{"line":60,"column":4},"end":{"line":73,"column":null}},"25":{"start":{"line":75,"column":4},"end":{"line":75,"column":null}},"26":{"start":{"line":77,"column":4},"end":{"line":77,"column":null}},"27":{"start":{"line":86,"column":4},"end":{"line":92,"column":null}},"28":{"start":{"line":87,"column":6},"end":{"line":90,"column":null}},"29":{"start":{"line":91,"column":6},"end":{"line":91,"column":null}},"30":{"start":{"line":100,"column":4},"end":{"line":122,"column":null}},"31":{"start":{"line":101,"column":27},"end":{"line":101,"column":87}},"32":{"start":{"line":103,"column":6},"end":{"line":106,"column":null}},"33":{"start":{"line":104,"column":8},"end":{"line":104,"column":null}},"34":{"start":{"line":105,"column":8},"end":{"line":105,"column":null}},"35":{"start":{"line":108,"column":26},"end":{"line":108,"column":76}},"36":{"start":{"line":109,"column":27},"end":{"line":109,"column":67}},"37":{"start":{"line":111,"column":6},"end":{"line":118,"column":null}},"38":{"start":{"line":120,"column":6},"end":{"line":120,"column":null}},"39":{"start":{"line":121,"column":6},"end":{"line":121,"column":null}},"40":{"start":{"line":123,"column":4},"end":{"line":123,"column":null}},"41":{"start":{"line":129,"column":4},"end":{"line":129,"column":null}},"42":{"start":{"line":130,"column":4},"end":{"line":130,"column":null}},"43":{"start":{"line":138,"column":4},"end":{"line":138,"column":null}},"44":{"start":{"line":139,"column":4},"end":{"line":139,"column":null}},"45":{"start":{"line":150,"column":4},"end":{"line":150,"column":null}},"46":{"start":{"line":151,"column":4},"end":{"line":151,"column":null}},"47":{"start":{"line":162,"column":4},"end":{"line":162,"column":null}},"48":{"start":{"line":163,"column":4},"end":{"line":163,"column":null}},"49":{"start":{"line":173,"column":4},"end":{"line":173,"column":null}},"50":{"start":{"line":174,"column":4},"end":{"line":174,"column":null}},"51":{"start":{"line":178,"column":4},"end":{"line":178,"column":null}},"52":{"start":{"line":182,"column":20},"end":{"line":182,"column":60}},"53":{"start":{"line":183,"column":4},"end":{"line":183,"column":null}},"54":{"start":{"line":184,"column":4},"end":{"line":184,"column":null}},"55":{"start":{"line":188,"column":4},"end":{"line":188,"column":null}},"56":{"start":{"line":47,"column":2},"end":{"line":78,"column":null}},"57":{"start":{"line":85,"column":2},"end":{"line":93,"column":null}},"58":{"start":{"line":99,"column":2},"end":{"line":124,"column":null}},"59":{"start":{"line":128,"column":2},"end":{"line":131,"column":null}},"60":{"start":{"line":137,"column":2},"end":{"line":140,"column":null}},"61":{"start":{"line":149,"column":2},"end":{"line":152,"column":null}},"62":{"start":{"line":160,"column":2},"end":{"line":164,"column":null}},"63":{"start":{"line":172,"column":2},"end":{"line":175,"column":null}},"64":{"start":{"line":31,"column":13},"end":{"line":190,"column":null}},"65":{"start":{"line":31,"column":13},"end":{"line":31,"column":27}}},"fnMap":{"0":{"name":"(anonymous_11)","decl":{"start":{"line":37,"column":2},"end":{"line":37,"column":null}},"loc":{"start":{"line":37,"column":2},"end":{"line":42,"column":3}}},"1":{"name":"(anonymous_12)","decl":{"start":{"line":47,"column":15},"end":{"line":47,"column":20}},"loc":{"start":{"line":47,"column":55},"end":{"line":78,"column":null}}},"2":{"name":"(anonymous_14)","decl":{"start":{"line":85,"column":9},"end":{"line":85,"column":15}},"loc":{"start":{"line":85,"column":15},"end":{"line":93,"column":3}}},"3":{"name":"(anonymous_15)","decl":{"start":{"line":86,"column":23},"end":{"line":86,"column":24}},"loc":{"start":{"line":86,"column":43},"end":{"line":92,"column":5}}},"4":{"name":"(anonymous_16)","decl":{"start":{"line":99,"column":15},"end":{"line":99,"column":22}},"loc":{"start":{"line":99,"column":58},"end":{"line":124,"column":null}}},"5":{"name":"(anonymous_18)","decl":{"start":{"line":128,"column":15},"end":{"line":128,"column":21}},"loc":{"start":{"line":128,"column":21},"end":{"line":131,"column":null}}},"6":{"name":"(anonymous_20)","decl":{"start":{"line":137,"column":15},"end":{"line":137,"column":18}},"loc":{"start":{"line":137,"column":29},"end":{"line":140,"column":null}}},"7":{"name":"(anonymous_22)","decl":{"start":{"line":149,"column":15},"end":{"line":149,"column":21}},"loc":{"start":{"line":149,"column":57},"end":{"line":152,"column":null}}},"8":{"name":"(anonymous_24)","decl":{"start":{"line":160,"column":15},"end":{"line":160,"column":18}},"loc":{"start":{"line":160,"column":54},"end":{"line":164,"column":null}}},"9":{"name":"(anonymous_26)","decl":{"start":{"line":172,"column":15},"end":{"line":172,"column":21}},"loc":{"start":{"line":172,"column":32},"end":{"line":175,"column":null}}},"10":{"name":"(anonymous_28)","decl":{"start":{"line":177,"column":10},"end":{"line":177,"column":20}},"loc":{"start":{"line":177,"column":28},"end":{"line":179,"column":3}}},"11":{"name":"(anonymous_29)","decl":{"start":{"line":181,"column":10},"end":{"line":181,"column":20}},"loc":{"start":{"line":181,"column":20},"end":{"line":185,"column":3}}},"12":{"name":"(anonymous_30)","decl":{"start":{"line":187,"column":9},"end":{"line":187,"column":19}},"loc":{"start":{"line":187,"column":40},"end":{"line":189,"column":3}}}},"branchMap":{"0":{"loc":{"start":{"line":53,"column":4},"end":{"line":55,"column":null}},"type":"if","locations":[{"start":{"line":53,"column":4},"end":{"line":55,"column":null}},{"start":{"line":53,"column":4},"end":{"line":55,"column":null}}]},"1":{"loc":{"start":{"line":100,"column":4},"end":{"line":122,"column":null}},"type":"if","locations":[{"start":{"line":100,"column":4},"end":{"line":122,"column":null}},{"start":{"line":100,"column":4},"end":{"line":122,"column":null}}]},"2":{"loc":{"start":{"line":100,"column":8},"end":{"line":100,"column":15}},"type":"binary-expr","locations":[{"start":{"line":100,"column":8},"end":{"line":100,"column":15}},{"start":{"line":100,"column":19},"end":{"line":100,"column":34}},{"start":{"line":100,"column":38},"end":{"line":100,"column":86}}]},"3":{"loc":{"start":{"line":103,"column":6},"end":{"line":106,"column":null}},"type":"if","locations":[{"start":{"line":103,"column":6},"end":{"line":106,"column":null}},{"start":{"line":103,"column":6},"end":{"line":106,"column":null}}]}},"s":{"0":1,"1":1,"2":1,"3":1,"4":1,"5":1,"6":1,"7":1,"8":1,"9":1,"10":1,"11":1,"12":1,"13":1,"14":1,"15":1,"16":1,"17":0,"18":0,"19":0,"20":0,"21":0,"22":0,"23":0,"24":0,"25":0,"26":0,"27":0,"28":0,"29":0,"30":0,"31":0,"32":0,"33":0,"34":0,"35":0,"36":0,"37":0,"38":0,"39":0,"40":0,"41":1,"42":1,"43":2,"44":2,"45":0,"46":0,"47":0,"48":0,"49":0,"50":0,"51":0,"52":0,"53":0,"54":0,"55":3,"56":1,"57":1,"58":1,"59":1,"60":1,"61":1,"62":1,"63":1,"64":1,"65":1},"f":{"0":1,"1":0,"2":0,"3":0,"4":0,"5":1,"6":2,"7":0,"8":0,"9":0,"10":0,"11":0,"12":3},"b":{"0":[0,0],"1":[0,0],"2":[0,0,0],"3":[0,0]}}
,"X:\\web\\dnd\\api\\src\\database\\connection.ts": {"path":"X:\\web\\dnd\\api\\src\\database\\connection.ts","statementMap":{"0":{"start":{"line":1,"column":0},"end":{"line":1,"column":28}},"1":{"start":{"line":4,"column":10},"end":{"line":4,"column":null}},"2":{"start":{"line":7,"column":4},"end":{"line":18,"column":null}},"3":{"start":{"line":8,"column":6},"end":{"line":17,"column":null}},"4":{"start":{"line":22,"column":4},"end":{"line":22,"column":null}},"5":{"start":{"line":3,"column":0},"end":{"line":3,"column":13}},"6":{"start":{"line":26,"column":0},"end":{"line":26,"column":null}}},"fnMap":{"0":{"name":"(anonymous_0)","decl":{"start":{"line":6,"column":2},"end":{"line":6,"column":null}},"loc":{"start":{"line":6,"column":2},"end":{"line":19,"column":3}}},"1":{"name":"(anonymous_1)","decl":{"start":{"line":21,"column":9},"end":{"line":21,"column":16}},"loc":{"start":{"line":21,"column":16},"end":{"line":23,"column":3}}}},"branchMap":{"0":{"loc":{"start":{"line":7,"column":4},"end":{"line":18,"column":null}},"type":"if","locations":[{"start":{"line":7,"column":4},"end":{"line":18,"column":null}},{"start":{"line":7,"column":4},"end":{"line":18,"column":null}}]},"1":{"loc":{"start":{"line":12,"column":16},"end":{"line":12,"column":41}},"type":"binary-expr","locations":[{"start":{"line":12,"column":16},"end":{"line":12,"column":41}},{"start":{"line":12,"column":45},"end":{"line":12,"column":49}}]},"2":{"loc":{"start":{"line":13,"column":16},"end":{"line":13,"column":41}},"type":"binary-expr","locations":[{"start":{"line":13,"column":16},"end":{"line":13,"column":41}},{"start":{"line":13,"column":45},"end":{"line":13,"column":47}}]},"3":{"loc":{"start":{"line":14,"column":20},"end":{"line":14,"column":49}},"type":"binary-expr","locations":[{"start":{"line":14,"column":20},"end":{"line":14,"column":49}},{"start":{"line":14,"column":53},"end":{"line":14,"column":55}}]},"4":{"loc":{"start":{"line":15,"column":20},"end":{"line":15,"column":47}},"type":"binary-expr","locations":[{"start":{"line":15,"column":20},"end":{"line":15,"column":47}},{"start":{"line":15,"column":51},"end":{"line":15,"column":53}}]}},"s":{"0":2,"1":2,"2":2,"3":2,"4":2,"5":2,"6":2},"f":{"0":2,"1":2},"b":{"0":[2,0],"1":[2,2],"2":[2,2],"3":[2,2],"4":[2,2]}}
,"X:\\web\\dnd\\api\\src\\errors\\ApiError.ts": {"path":"X:\\web\\dnd\\api\\src\\errors\\ApiError.ts","statementMap":{"0":{"start":{"line":11,"column":4},"end":{"line":11,"column":null}},"1":{"start":{"line":12,"column":4},"end":{"line":12,"column":null}},"2":{"start":{"line":13,"column":4},"end":{"line":13,"column":null}},"3":{"start":{"line":14,"column":4},"end":{"line":14,"column":null}},"4":{"start":{"line":15,"column":4},"end":{"line":15,"column":null}},"5":{"start":{"line":16,"column":4},"end":{"line":16,"column":null}},"6":{"start":{"line":4,"column":0},"end":{"line":4,"column":21}}},"fnMap":{"0":{"name":"(anonymous_0)","decl":{"start":{"line":10,"column":2},"end":{"line":10,"column":14}},"loc":{"start":{"line":10,"column":67},"end":{"line":17,"column":3}}}},"branchMap":{},"s":{"0":2,"1":2,"2":2,"3":2,"4":2,"5":2,"6":2},"f":{"0":2},"b":{}}
,"X:\\web\\dnd\\api\\src\\models\\ItemModel.ts": {"path":"X:\\web\\dnd\\api\\src\\models\\ItemModel.ts","statementMap":{"0":{"start":{"line":1,"column":0},"end":{"line":1,"column":46}},"1":{"start":{"line":4,"column":0},"end":{"line":4,"column":29}},"2":{"start":{"line":8,"column":4},"end":{"line":8,"column":null}},"3":{"start":{"line":12,"column":4},"end":{"line":41,"column":null}},"4":{"start":{"line":13,"column":27},"end":{"line":17,"column":47}},"5":{"start":{"line":19,"column":26},"end":{"line":29,"column":8}},"6":{"start":{"line":19,"column":58},"end":{"line":29,"column":8}},"7":{"start":{"line":20,"column":25},"end":{"line":20,"column":27}},"8":{"start":{"line":21,"column":8},"end":{"line":27,"column":null}},"9":{"start":{"line":22,"column":23},"end":{"line":25,"column":47}},"10":{"start":{"line":26,"column":10},"end":{"line":26,"column":null}},"11":{"start":{"line":28,"column":8},"end":{"line":28,"column":null}},"12":{"start":{"line":31,"column":6},"end":{"line":40,"column":null}},"13":{"start":{"line":33,"column":10},"end":{"line":35,"column":null}},"14":{"start":{"line":34,"column":12},"end":{"line":34,"column":null}},"15":{"start":{"line":36,"column":10},"end":{"line":36,"column":null}},"16":{"start":{"line":39,"column":10},"end":{"line":39,"column":null}},"17":{"start":{"line":45,"column":4},"end":{"line":67,"column":null}},"18":{"start":{"line":46,"column":26},"end":{"line":50,"column":19}},"19":{"start":{"line":52,"column":26},"end":{"line":57,"column":8}},"20":{"start":{"line":53,"column":8},"end":{"line":56,"column":null}},"21":{"start":{"line":59,"column":6},"end":{"line":66,"column":null}},"22":{"start":{"line":61,"column":10},"end":{"line":61,"column":null}},"23":{"start":{"line":62,"column":10},"end":{"line":62,"column":null}},"24":{"start":{"line":65,"column":10},"end":{"line":65,"column":null}},"25":{"start":{"line":71,"column":4},"end":{"line":71,"column":null}},"26":{"start":{"line":6,"column":0},"end":{"line":6,"column":21}}},"fnMap":{"0":{"name":"(anonymous_7)","decl":{"start":{"line":7,"column":2},"end":{"line":7,"column":14}},"loc":{"start":{"line":7,"column":21},"end":{"line":9,"column":3}}},"1":{"name":"(anonymous_8)","decl":{"start":{"line":11,"column":9},"end":{"line":11,"column":15}},"loc":{"start":{"line":11,"column":15},"end":{"line":42,"column":3}}},"2":{"name":"(anonymous_9)","decl":{"start":{"line":12,"column":23},"end":{"line":12,"column":24}},"loc":{"start":{"line":12,"column":43},"end":{"line":41,"column":5}}},"3":{"name":"(anonymous_10)","decl":{"start":{"line":19,"column":44},"end":{"line":19,"column":50}},"loc":{"start":{"line":19,"column":58},"end":{"line":29,"column":8}}},"4":{"name":"(anonymous_11)","decl":{"start":{"line":19,"column":58},"end":{"line":19,"column":null}},"loc":{"start":{"line":19,"column":58},"end":{"line":29,"column":7}}},"5":{"name":"(anonymous_12)","decl":{"start":{"line":32,"column":14},"end":{"line":32,"column":15}},"loc":{"start":{"line":32,"column":32},"end":{"line":37,"column":9}}},"6":{"name":"(anonymous_13)","decl":{"start":{"line":38,"column":15},"end":{"line":38,"column":20}},"loc":{"start":{"line":38,"column":23},"end":{"line":40,"column":9}}},"7":{"name":"(anonymous_14)","decl":{"start":{"line":44,"column":9},"end":{"line":44,"column":17}},"loc":{"start":{"line":44,"column":28},"end":{"line":68,"column":3}}},"8":{"name":"(anonymous_15)","decl":{"start":{"line":45,"column":23},"end":{"line":45,"column":24}},"loc":{"start":{"line":45,"column":43},"end":{"line":67,"column":5}}},"9":{"name":"(anonymous_16)","decl":{"start":{"line":52,"column":43},"end":{"line":52,"column":47}},"loc":{"start":{"line":52,"column":50},"end":{"line":57,"column":7}}},"10":{"name":"(anonymous_17)","decl":{"start":{"line":60,"column":14},"end":{"line":60,"column":15}},"loc":{"start":{"line":60,"column":31},"end":{"line":63,"column":9}}},"11":{"name":"(anonymous_18)","decl":{"start":{"line":64,"column":15},"end":{"line":64,"column":20}},"loc":{"start":{"line":64,"column":23},"end":{"line":66,"column":9}}},"12":{"name":"(anonymous_19)","decl":{"start":{"line":70,"column":9},"end":{"line":70,"column":15}},"loc":{"start":{"line":70,"column":38},"end":{"line":72,"column":3}}}},"branchMap":{},"s":{"0":0,"1":0,"2":0,"3":0,"4":0,"5":0,"6":0,"7":0,"8":0,"9":0,"10":0,"11":0,"12":0,"13":0,"14":0,"15":0,"16":0,"17":0,"18":0,"19":0,"20":0,"21":0,"22":0,"23":0,"24":0,"25":0,"26":0},"f":{"0":0,"1":0,"2":0,"3":0,"4":0,"5":0,"6":0,"7":0,"8":0,"9":0,"10":0,"11":0,"12":0},"b":{}}
,"X:\\web\\dnd\\api\\src\\models\\TagModel.ts": {"path":"X:\\web\\dnd\\api\\src\\models\\TagModel.ts","statementMap":{"0":{"start":{"line":1,"column":0},"end":{"line":1,"column":46}},"1":{"start":{"line":7,"column":4},"end":{"line":7,"column":null}},"2":{"start":{"line":11,"column":4},"end":{"line":11,"column":null}},"3":{"start":{"line":15,"column":4},"end":{"line":18,"column":null}},"4":{"start":{"line":22,"column":4},"end":{"line":26,"column":null}},"5":{"start":{"line":25,"column":8},"end":{"line":25,"column":null}},"6":{"start":{"line":30,"column":4},"end":{"line":30,"column":null}},"7":{"start":{"line":34,"column":4},"end":{"line":34,"column":null}},"8":{"start":{"line":38,"column":4},"end":{"line":43,"column":null}},"9":{"start":{"line":42,"column":8},"end":{"line":42,"column":null}},"10":{"start":{"line":47,"column":4},"end":{"line":52,"column":null}},"11":{"start":{"line":51,"column":8},"end":{"line":51,"column":null}},"12":{"start":{"line":5,"column":0},"end":{"line":5,"column":21}}},"fnMap":{"0":{"name":"(anonymous_0)","decl":{"start":{"line":6,"column":2},"end":{"line":6,"column":14}},"loc":{"start":{"line":6,"column":21},"end":{"line":8,"column":3}}},"1":{"name":"(anonymous_1)","decl":{"start":{"line":10,"column":9},"end":{"line":10,"column":15}},"loc":{"start":{"line":10,"column":15},"end":{"line":12,"column":3}}},"2":{"name":"(anonymous_2)","decl":{"start":{"line":14,"column":9},"end":{"line":14,"column":21}},"loc":{"start":{"line":14,"column":36},"end":{"line":19,"column":3}}},"3":{"name":"(anonymous_3)","decl":{"start":{"line":21,"column":9},"end":{"line":21,"column":18}},"loc":{"start":{"line":21,"column":35},"end":{"line":27,"column":3}}},"4":{"name":"(anonymous_4)","decl":{"start":{"line":24,"column":13},"end":{"line":24,"column":20}},"loc":{"start":{"line":24,"column":23},"end":{"line":26,"column":7}}},"5":{"name":"(anonymous_5)","decl":{"start":{"line":29,"column":9},"end":{"line":29,"column":15}},"loc":{"start":{"line":29,"column":36},"end":{"line":31,"column":3}}},"6":{"name":"(anonymous_6)","decl":{"start":{"line":33,"column":9},"end":{"line":33,"column":18}},"loc":{"start":{"line":33,"column":50},"end":{"line":35,"column":3}}},"7":{"name":"(anonymous_7)","decl":{"start":{"line":37,"column":9},"end":{"line":37,"column":15}},"loc":{"start":{"line":37,"column":29},"end":{"line":44,"column":3}}},"8":{"name":"(anonymous_8)","decl":{"start":{"line":41,"column":12},"end":{"line":41,"column":18}},"loc":{"start":{"line":41,"column":21},"end":{"line":43,"column":7}}},"9":{"name":"(anonymous_9)","decl":{"start":{"line":46,"column":9},"end":{"line":46,"column":26}},"loc":{"start":{"line":46,"column":41},"end":{"line":53,"column":3}}},"10":{"name":"(anonymous_10)","decl":{"start":{"line":50,"column":12},"end":{"line":50,"column":18}},"loc":{"start":{"line":50,"column":21},"end":{"line":52,"column":7}}}},"branchMap":{},"s":{"0":0,"1":0,"2":0,"3":0,"4":0,"5":0,"6":0,"7":0,"8":0,"9":0,"10":0,"11":0,"12":0},"f":{"0":0,"1":0,"2":0,"3":0,"4":0,"5":0,"6":0,"7":0,"8":0,"9":0,"10":0},"b":{}}
,"X:\\web\\dnd\\api\\src\\models\\UserModel.ts": {"path":"X:\\web\\dnd\\api\\src\\models\\UserModel.ts","statementMap":{"0":{"start":{"line":1,"column":0},"end":{"line":1,"column":46}},"1":{"start":{"line":7,"column":4},"end":{"line":7,"column":null}},"2":{"start":{"line":11,"column":4},"end":{"line":21,"column":null}},"3":{"start":{"line":12,"column":6},"end":{"line":20,"column":null}},"4":{"start":{"line":16,"column":10},"end":{"line":16,"column":null}},"5":{"start":{"line":19,"column":10},"end":{"line":19,"column":null}},"6":{"start":{"line":25,"column":4},"end":{"line":36,"column":null}},"7":{"start":{"line":26,"column":6},"end":{"line":35,"column":null}},"8":{"start":{"line":31,"column":10},"end":{"line":31,"column":null}},"9":{"start":{"line":34,"column":10},"end":{"line":34,"column":null}},"10":{"start":{"line":40,"column":4},"end":{"line":51,"column":null}},"11":{"start":{"line":41,"column":6},"end":{"line":50,"column":null}},"12":{"start":{"line":46,"column":10},"end":{"line":46,"column":null}},"13":{"start":{"line":49,"column":10},"end":{"line":49,"column":null}},"14":{"start":{"line":55,"column":4},"end":{"line":55,"column":null}},"15":{"start":{"line":59,"column":4},"end":{"line":69,"column":null}},"16":{"start":{"line":60,"column":6},"end":{"line":68,"column":null}},"17":{"start":{"line":64,"column":10},"end":{"line":64,"column":null}},"18":{"start":{"line":67,"column":10},"end":{"line":67,"column":null}},"19":{"start":{"line":5,"column":0},"end":{"line":5,"column":21}}},"fnMap":{"0":{"name":"(anonymous_0)","decl":{"start":{"line":6,"column":2},"end":{"line":6,"column":14}},"loc":{"start":{"line":6,"column":21},"end":{"line":8,"column":3}}},"1":{"name":"(anonymous_1)","decl":{"start":{"line":10,"column":9},"end":{"line":10,"column":15}},"loc":{"start":{"line":10,"column":15},"end":{"line":22,"column":3}}},"2":{"name":"(anonymous_2)","decl":{"start":{"line":11,"column":23},"end":{"line":11,"column":24}},"loc":{"start":{"line":11,"column":43},"end":{"line":21,"column":5}}},"3":{"name":"(anonymous_3)","decl":{"start":{"line":15,"column":14},"end":{"line":15,"column":20}},"loc":{"start":{"line":15,"column":23},"end":{"line":17,"column":9}}},"4":{"name":"(anonymous_4)","decl":{"start":{"line":18,"column":15},"end":{"line":18,"column":20}},"loc":{"start":{"line":18,"column":23},"end":{"line":20,"column":9}}},"5":{"name":"(anonymous_5)","decl":{"start":{"line":24,"column":9},"end":{"line":24,"column":17}},"loc":{"start":{"line":24,"column":28},"end":{"line":37,"column":3}}},"6":{"name":"(anonymous_6)","decl":{"start":{"line":25,"column":23},"end":{"line":25,"column":24}},"loc":{"start":{"line":25,"column":43},"end":{"line":36,"column":5}}},"7":{"name":"(anonymous_7)","decl":{"start":{"line":30,"column":14},"end":{"line":30,"column":20}},"loc":{"start":{"line":30,"column":23},"end":{"line":32,"column":9}}},"8":{"name":"(anonymous_8)","decl":{"start":{"line":33,"column":15},"end":{"line":33,"column":20}},"loc":{"start":{"line":33,"column":23},"end":{"line":35,"column":9}}},"9":{"name":"(anonymous_9)","decl":{"start":{"line":39,"column":9},"end":{"line":39,"column":19}},"loc":{"start":{"line":39,"column":36},"end":{"line":52,"column":3}}},"10":{"name":"(anonymous_10)","decl":{"start":{"line":40,"column":23},"end":{"line":40,"column":24}},"loc":{"start":{"line":40,"column":43},"end":{"line":51,"column":5}}},"11":{"name":"(anonymous_11)","decl":{"start":{"line":45,"column":14},"end":{"line":45,"column":20}},"loc":{"start":{"line":45,"column":23},"end":{"line":47,"column":9}}},"12":{"name":"(anonymous_12)","decl":{"start":{"line":48,"column":15},"end":{"line":48,"column":20}},"loc":{"start":{"line":48,"column":23},"end":{"line":50,"column":9}}},"13":{"name":"(anonymous_13)","decl":{"start":{"line":54,"column":9},"end":{"line":54,"column":15}},"loc":{"start":{"line":54,"column":38},"end":{"line":56,"column":3}}},"14":{"name":"(anonymous_14)","decl":{"start":{"line":58,"column":9},"end":{"line":58,"column":15}},"loc":{"start":{"line":58,"column":26},"end":{"line":70,"column":3}}},"15":{"name":"(anonymous_15)","decl":{"start":{"line":59,"column":23},"end":{"line":59,"column":24}},"loc":{"start":{"line":59,"column":43},"end":{"line":69,"column":5}}},"16":{"name":"(anonymous_16)","decl":{"start":{"line":63,"column":14},"end":{"line":63,"column":20}},"loc":{"start":{"line":63,"column":23},"end":{"line":65,"column":9}}},"17":{"name":"(anonymous_17)","decl":{"start":{"line":66,"column":15},"end":{"line":66,"column":20}},"loc":{"start":{"line":66,"column":23},"end":{"line":68,"column":9}}}},"branchMap":{},"s":{"0":2,"1":4,"2":0,"3":0,"4":0,"5":0,"6":0,"7":0,"8":0,"9":0,"10":0,"11":0,"12":0,"13":0,"14":0,"15":0,"16":0,"17":0,"18":0,"19":2},"f":{"0":4,"1":0,"2":0,"3":0,"4":0,"5":0,"6":0,"7":0,"8":0,"9":0,"10":0,"11":0,"12":0,"13":0,"14":0,"15":0,"16":0,"17":0},"b":{}}
,"X:\\web\\dnd\\api\\src\\utils\\Logger.ts": {"path":"X:\\web\\dnd\\api\\src\\utils\\Logger.ts","statementMap":{"0":{"start":{"line":1,"column":0},"end":{"line":1,"column":32}},"1":{"start":{"line":4,"column":9},"end":{"line":4,"column":null}},"2":{"start":{"line":8,"column":4},"end":{"line":8,"column":null}},"3":{"start":{"line":9,"column":4},"end":{"line":9,"column":null}},"4":{"start":{"line":13,"column":4},"end":{"line":17,"column":null}},"5":{"start":{"line":14,"column":24},"end":{"line":14,"column":60}},"6":{"start":{"line":15,"column":6},"end":{"line":15,"column":null}},"7":{"start":{"line":16,"column":6},"end":{"line":16,"column":null}},"8":{"start":{"line":21,"column":22},"end":{"line":21,"column":57}},"9":{"start":{"line":22,"column":4},"end":{"line":22,"column":null}},"10":{"start":{"line":23,"column":4},"end":{"line":23,"column":null}},"11":{"start":{"line":27,"column":22},"end":{"line":27,"column":57}},"12":{"start":{"line":28,"column":4},"end":{"line":28,"column":null}},"13":{"start":{"line":29,"column":4},"end":{"line":29,"column":null}},"14":{"start":{"line":33,"column":22},"end":{"line":33,"column":58}},"15":{"start":{"line":34,"column":4},"end":{"line":34,"column":null}},"16":{"start":{"line":35,"column":4},"end":{"line":35,"column":null}},"17":{"start":{"line":39,"column":4},"end":{"line":39,"column":null}},"18":{"start":{"line":43,"column":4},"end":{"line":43,"column":null}},"19":{"start":{"line":3,"column":0},"end":{"line":3,"column":21}}},"fnMap":{"0":{"name":"(anonymous_0)","decl":{"start":{"line":7,"column":2},"end":{"line":7,"column":14}},"loc":{"start":{"line":7,"column":47},"end":{"line":10,"column":3}}},"1":{"name":"(anonymous_1)","decl":{"start":{"line":12,"column":9},"end":{"line":12,"column":14}},"loc":{"start":{"line":12,"column":30},"end":{"line":18,"column":3}}},"2":{"name":"(anonymous_2)","decl":{"start":{"line":20,"column":9},"end":{"line":20,"column":13}},"loc":{"start":{"line":20,"column":29},"end":{"line":24,"column":3}}},"3":{"name":"(anonymous_3)","decl":{"start":{"line":26,"column":9},"end":{"line":26,"column":13}},"loc":{"start":{"line":26,"column":29},"end":{"line":30,"column":3}}},"4":{"name":"(anonymous_4)","decl":{"start":{"line":32,"column":9},"end":{"line":32,"column":14}},"loc":{"start":{"line":32,"column":30},"end":{"line":36,"column":3}}},"5":{"name":"(anonymous_5)","decl":{"start":{"line":38,"column":10},"end":{"line":38,"column":23}},"loc":{"start":{"line":38,"column":54},"end":{"line":40,"column":3}}},"6":{"name":"(anonymous_6)","decl":{"start":{"line":42,"column":10},"end":{"line":42,"column":22}},"loc":{"start":{"line":42,"column":22},"end":{"line":44,"column":3}}}},"branchMap":{"0":{"loc":{"start":{"line":13,"column":4},"end":{"line":17,"column":null}},"type":"if","locations":[{"start":{"line":13,"column":4},"end":{"line":17,"column":null}},{"start":{"line":13,"column":4},"end":{"line":17,"column":null}}]}},"s":{"0":2,"1":4,"2":4,"3":4,"4":3,"5":0,"6":0,"7":0,"8":0,"9":0,"10":0,"11":0,"12":0,"13":0,"14":0,"15":0,"16":0,"17":0,"18":0,"19":2},"f":{"0":4,"1":3,"2":0,"3":0,"4":0,"5":0,"6":0},"b":{"0":[0,3]}}
}
