TN:
SF:X:\web\dnd\api\src\controllers\ItemController.ts
FN:15,(anonymous_11)
FN:24,(anonymous_12)
FN:33,(anonymous_14)
FN:44,(anonymous_16)
FN:55,(anonymous_18)
FN:66,(anonymous_20)
FN:71,(anonymous_22)
FNF:7
FNH:0
FNDA:0,(anonymous_11)
FNDA:0,(anonymous_12)
FNDA:0,(anonymous_14)
FNDA:0,(anonymous_16)
FNDA:0,(anonymous_18)
FNDA:0,(anonymous_20)
FNDA:0,(anonymous_22)
DA:1,0
DA:2,0
DA:3,0
DA:4,0
DA:8,0
DA:11,0
DA:16,0
DA:17,0
DA:18,0
DA:24,0
DA:25,0
DA:26,0
DA:33,0
DA:34,0
DA:35,0
DA:44,0
DA:45,0
DA:46,0
DA:55,0
DA:56,0
DA:57,0
DA:66,0
DA:67,0
DA:68,0
DA:72,0
LF:25
LH:0
BRF:0
BRH:0
end_of_record
TN:
SF:X:\web\dnd\api\src\controllers\StatusController.ts
FN:8,(anonymous_9)
FNF:1
FNH:1
FNDA:1,(anonymous_9)
DA:1,1
DA:4,1
DA:8,1
DA:9,1
LF:4
LH:4
BRF:0
BRH:0
end_of_record
TN:
SF:X:\web\dnd\api\src\controllers\TagController.ts
FN:15,(anonymous_11)
FN:23,(anonymous_12)
FN:32,(anonymous_14)
FN:44,(anonymous_16)
FN:55,(anonymous_18)
FN:66,(anonymous_20)
FN:71,(anonymous_22)
FNF:7
FNH:0
FNDA:0,(anonymous_11)
FNDA:0,(anonymous_12)
FNDA:0,(anonymous_14)
FNDA:0,(anonymous_16)
FNDA:0,(anonymous_18)
FNDA:0,(anonymous_20)
FNDA:0,(anonymous_22)
DA:1,0
DA:2,0
DA:3,0
DA:4,0
DA:8,0
DA:11,0
DA:16,0
DA:17,0
DA:18,0
DA:23,0
DA:24,0
DA:25,0
DA:32,0
DA:33,0
DA:34,0
DA:44,0
DA:45,0
DA:46,0
DA:55,0
DA:56,0
DA:57,0
DA:66,0
DA:67,0
DA:68,0
DA:72,0
LF:25
LH:0
BRF:0
BRH:0
end_of_record
TN:
SF:X:\web\dnd\api\src\controllers\UserController.ts
FN:37,(anonymous_11)
FN:47,(anonymous_12)
FN:85,(anonymous_14)
FN:86,(anonymous_15)
FN:99,(anonymous_16)
FN:128,(anonymous_18)
FN:137,(anonymous_20)
FN:149,(anonymous_22)
FN:160,(anonymous_24)
FN:172,(anonymous_26)
FN:177,(anonymous_28)
FN:181,(anonymous_29)
FN:187,(anonymous_30)
FNF:13
FNH:4
FNDA:1,(anonymous_11)
FNDA:0,(anonymous_12)
FNDA:0,(anonymous_14)
FNDA:0,(anonymous_15)
FNDA:0,(anonymous_16)
FNDA:1,(anonymous_18)
FNDA:2,(anonymous_20)
FNDA:0,(anonymous_22)
FNDA:0,(anonymous_24)
FNDA:0,(anonymous_26)
FNDA:0,(anonymous_28)
FNDA:0,(anonymous_29)
FNDA:3,(anonymous_30)
DA:1,1
DA:2,1
DA:3,1
DA:4,1
DA:5,1
DA:6,1
DA:7,1
DA:8,1
DA:22,1
DA:27,1
DA:28,1
DA:31,1
DA:35,1
DA:38,1
DA:39,1
DA:40,1
DA:41,1
DA:47,1
DA:48,0
DA:49,0
DA:51,0
DA:53,0
DA:54,0
DA:57,0
DA:58,0
DA:60,0
DA:75,0
DA:77,0
DA:85,1
DA:86,0
DA:87,0
DA:91,0
DA:99,1
DA:100,0
DA:101,0
DA:103,0
DA:104,0
DA:105,0
DA:108,0
DA:109,0
DA:111,0
DA:120,0
DA:121,0
DA:123,0
DA:128,1
DA:129,1
DA:130,1
DA:137,1
DA:138,2
DA:139,2
DA:149,1
DA:150,0
DA:151,0
DA:160,1
DA:162,0
DA:163,0
DA:172,1
DA:173,0
DA:174,0
DA:178,0
DA:182,0
DA:183,0
DA:184,0
DA:188,3
LF:64
LH:30
BRDA:53,0,0,0
BRDA:53,0,1,0
BRDA:100,1,0,0
BRDA:100,1,1,0
BRDA:100,2,0,0
BRDA:100,2,1,0
BRDA:100,2,2,0
BRDA:103,3,0,0
BRDA:103,3,1,0
BRF:9
BRH:0
end_of_record
TN:
SF:X:\web\dnd\api\src\database\connection.ts
FN:6,(anonymous_0)
FN:21,(anonymous_1)
FNF:2
FNH:2
FNDA:2,(anonymous_0)
FNDA:2,(anonymous_1)
DA:1,2
DA:3,2
DA:4,2
DA:7,2
DA:8,2
DA:22,2
DA:26,2
LF:7
LH:7
BRDA:7,0,0,2
BRDA:7,0,1,0
BRDA:12,1,0,2
BRDA:12,1,1,2
BRDA:13,2,0,2
BRDA:13,2,1,2
BRDA:14,3,0,2
BRDA:14,3,1,2
BRDA:15,4,0,2
BRDA:15,4,1,2
BRF:10
BRH:9
end_of_record
TN:
SF:X:\web\dnd\api\src\errors\ApiError.ts
FN:10,(anonymous_0)
FNF:1
FNH:1
FNDA:2,(anonymous_0)
DA:4,2
DA:11,2
DA:12,2
DA:13,2
DA:14,2
DA:15,2
DA:16,2
LF:7
LH:7
BRF:0
BRH:0
end_of_record
TN:
SF:X:\web\dnd\api\src\models\ItemModel.ts
FN:7,(anonymous_7)
FN:11,(anonymous_8)
FN:12,(anonymous_9)
FN:19,(anonymous_10)
FN:19,(anonymous_11)
FN:32,(anonymous_12)
FN:38,(anonymous_13)
FN:44,(anonymous_14)
FN:45,(anonymous_15)
FN:52,(anonymous_16)
FN:60,(anonymous_17)
FN:64,(anonymous_18)
FN:70,(anonymous_19)
FNF:13
FNH:0
FNDA:0,(anonymous_7)
FNDA:0,(anonymous_8)
FNDA:0,(anonymous_9)
FNDA:0,(anonymous_10)
FNDA:0,(anonymous_11)
FNDA:0,(anonymous_12)
FNDA:0,(anonymous_13)
FNDA:0,(anonymous_14)
FNDA:0,(anonymous_15)
FNDA:0,(anonymous_16)
FNDA:0,(anonymous_17)
FNDA:0,(anonymous_18)
FNDA:0,(anonymous_19)
DA:1,0
DA:4,0
DA:6,0
DA:8,0
DA:12,0
DA:13,0
DA:19,0
DA:20,0
DA:21,0
DA:22,0
DA:26,0
DA:28,0
DA:31,0
DA:33,0
DA:34,0
DA:36,0
DA:39,0
DA:45,0
DA:46,0
DA:52,0
DA:53,0
DA:59,0
DA:61,0
DA:62,0
DA:65,0
DA:71,0
LF:26
LH:0
BRF:0
BRH:0
end_of_record
TN:
SF:X:\web\dnd\api\src\models\TagModel.ts
FN:6,(anonymous_0)
FN:10,(anonymous_1)
FN:14,(anonymous_2)
FN:21,(anonymous_3)
FN:24,(anonymous_4)
FN:29,(anonymous_5)
FN:33,(anonymous_6)
FN:37,(anonymous_7)
FN:41,(anonymous_8)
FN:46,(anonymous_9)
FN:50,(anonymous_10)
FNF:11
FNH:0
FNDA:0,(anonymous_0)
FNDA:0,(anonymous_1)
FNDA:0,(anonymous_2)
FNDA:0,(anonymous_3)
FNDA:0,(anonymous_4)
FNDA:0,(anonymous_5)
FNDA:0,(anonymous_6)
FNDA:0,(anonymous_7)
FNDA:0,(anonymous_8)
FNDA:0,(anonymous_9)
FNDA:0,(anonymous_10)
DA:1,0
DA:5,0
DA:7,0
DA:11,0
DA:15,0
DA:22,0
DA:25,0
DA:30,0
DA:34,0
DA:38,0
DA:42,0
DA:47,0
DA:51,0
LF:13
LH:0
BRF:0
BRH:0
end_of_record
TN:
SF:X:\web\dnd\api\src\models\UserModel.ts
FN:6,(anonymous_0)
FN:10,(anonymous_1)
FN:11,(anonymous_2)
FN:15,(anonymous_3)
FN:18,(anonymous_4)
FN:24,(anonymous_5)
FN:25,(anonymous_6)
FN:30,(anonymous_7)
FN:33,(anonymous_8)
FN:39,(anonymous_9)
FN:40,(anonymous_10)
FN:45,(anonymous_11)
FN:48,(anonymous_12)
FN:54,(anonymous_13)
FN:58,(anonymous_14)
FN:59,(anonymous_15)
FN:63,(anonymous_16)
FN:66,(anonymous_17)
FNF:18
FNH:1
FNDA:4,(anonymous_0)
FNDA:0,(anonymous_1)
FNDA:0,(anonymous_2)
FNDA:0,(anonymous_3)
FNDA:0,(anonymous_4)
FNDA:0,(anonymous_5)
FNDA:0,(anonymous_6)
FNDA:0,(anonymous_7)
FNDA:0,(anonymous_8)
FNDA:0,(anonymous_9)
FNDA:0,(anonymous_10)
FNDA:0,(anonymous_11)
FNDA:0,(anonymous_12)
FNDA:0,(anonymous_13)
FNDA:0,(anonymous_14)
FNDA:0,(anonymous_15)
FNDA:0,(anonymous_16)
FNDA:0,(anonymous_17)
DA:1,2
DA:5,2
DA:7,4
DA:11,0
DA:12,0
DA:16,0
DA:19,0
DA:25,0
DA:26,0
DA:31,0
DA:34,0
DA:40,0
DA:41,0
DA:46,0
DA:49,0
DA:55,0
DA:59,0
DA:60,0
DA:64,0
DA:67,0
LF:20
LH:3
BRF:0
BRH:0
end_of_record
TN:
SF:X:\web\dnd\api\src\utils\Logger.ts
FN:7,(anonymous_0)
FN:12,(anonymous_1)
FN:20,(anonymous_2)
FN:26,(anonymous_3)
FN:32,(anonymous_4)
FN:38,(anonymous_5)
FN:42,(anonymous_6)
FNF:7
FNH:2
FNDA:4,(anonymous_0)
FNDA:3,(anonymous_1)
FNDA:0,(anonymous_2)
FNDA:0,(anonymous_3)
FNDA:0,(anonymous_4)
FNDA:0,(anonymous_5)
FNDA:0,(anonymous_6)
DA:1,2
DA:3,2
DA:4,4
DA:8,4
DA:9,4
DA:13,3
DA:14,0
DA:15,0
DA:16,0
DA:21,0
DA:22,0
DA:23,0
DA:27,0
DA:28,0
DA:29,0
DA:33,0
DA:34,0
DA:35,0
DA:39,0
DA:43,0
LF:20
LH:6
BRDA:13,0,0,0
BRDA:13,0,1,3
BRF:2
BRH:1
end_of_record
